d:\c++\3cource\1semestr\cursova\cursova\x64\debug\vc143.pdb
d:\c++\3cource\1semestr\cursova\cursova\x64\debug\vc143.idb
d:\c++\3cource\1semestr\cursova\cursova\x64\debug\parser.obj
d:\c++\3cource\1semestr\cursova\cursova\x64\debug\main.obj
d:\c++\3cource\1semestr\cursova\cursova\x64\debug\lexer.obj
d:\c++\3cource\1semestr\cursova\cursova\x64\debug\compile.obj
d:\c++\3cource\1semestr\cursova\cursova\x64\debug\codegenfromast.obj
d:\c++\3cource\1semestr\cursova\cursova\x64\debug\codegen.obj
d:\c++\3cource\1semestr\cursova\cursova\x64\debug\ast.obj
d:\c++\3cource\1semestr\cursova\x64\debug\cursova.exe
d:\c++\3cource\1semestr\cursova\x64\debug\cursova.pdb
d:\c++\3cource\1semestr\cursova\cursova\x64\debug\cursova.ilk
d:\c++\3cource\1semestr\cursova\cursova\x64\debug\cursova.tlog\cl.command.1.tlog
d:\c++\3cource\1semestr\cursova\cursova\x64\debug\cursova.tlog\cl.items.tlog
d:\c++\3cource\1semestr\cursova\cursova\x64\debug\cursova.tlog\cl.read.1.tlog
d:\c++\3cource\1semestr\cursova\cursova\x64\debug\cursova.tlog\cl.write.1.tlog
d:\c++\3cource\1semestr\cursova\cursova\x64\debug\cursova.tlog\link.command.1.tlog
d:\c++\3cource\1semestr\cursova\cursova\x64\debug\cursova.tlog\link.read.1.tlog
d:\c++\3cource\1semestr\cursova\cursova\x64\debug\cursova.tlog\link.secondary.1.tlog
d:\c++\3cource\1semestr\cursova\cursova\x64\debug\cursova.tlog\link.write.1.tlog
